Flow report for controller
Fri Apr 26 11:02:39 2024
Quartus II Version 9.1 Build 222 10/21/2009 SJ Full Version


---------------------
; Table of Contents ;
---------------------
  1. Legal Notice
  2. Flow Summary
  3. Flow Settings
  4. Flow Non-Default Global Settings
  5. Flow Elapsed Time
  6. Flow OS Summary
  7. Flow Log



----------------
; Legal Notice ;
----------------
Copyright (C) 1991-2009 Altera Corporation
Your use of Altera Corporation's design tools, logic functions 
and other software and tools, and its AMPP partner logic 
functions, and any output files from any of the foregoing 
(including device programming or simulation files), and any 
associated documentation or information are expressly subject 
to the terms and conditions of the Altera Program License 
Subscription Agreement, Altera MegaCore Function License 
Agreement, or other applicable license agreement, including, 
without limitation, that your use is for the sole purpose of 
programming logic devices manufactured by Altera and sold by 
Altera or its authorized distributors.  Please refer to the 
applicable agreement for further details.



+--------------------------------------------------------------------+
; Flow Summary                                                       ;
+-------------------------+------------------------------------------+
; Flow Status             ; Successful - Fri Apr 26 11:02:38 2024    ;
; Quartus II Version      ; 9.1 Build 222 10/21/2009 SJ Full Version ;
; Revision Name           ; controller                               ;
; Top-level Entity Name   ; controller                               ;
; Family                  ; MAX7000S                                 ;
; Device                  ; EPM7128SLC84-15                          ;
; Timing Models           ; Final                                    ;
; Met timing requirements ; Yes                                      ;
; Total macrocells        ; 34 / 128 ( 27 % )                        ;
; Total pins              ; 45 / 68 ( 66 % )                         ;
+-------------------------+------------------------------------------+


+-----------------------------------------+
; Flow Settings                           ;
+-------------------+---------------------+
; Option            ; Setting             ;
+-------------------+---------------------+
; Start date & time ; 04/26/2024 11:02:36 ;
; Main task         ; Compilation         ;
; Revision Name     ; controller          ;
+-------------------+---------------------+


+-------------------------------------------------------------------------------------------------------------------------------------------------------------+
; Flow Non-Default Global Settings                                                                                                                            ;
+------------------------------------+----------------------------------------------------------+------------------------------+-------------+----------------+
; Assignment Name                    ; Value                                                    ; Default Value                ; Entity Name ; Section Id     ;
+------------------------------------+----------------------------------------------------------+------------------------------+-------------+----------------+
; COMPILER_SIGNATURE_ID              ; 2200299517014.171410055600804                            ; --                           ; --          ; --             ;
; INCREMENTAL_COMPILATION            ; Off                                                      ; FULL_INCREMENTAL_COMPILATION ; --          ; --             ;
; MISC_FILE                          ; C:/Users/Administrator/Desktop/final vhdl/controller.dpf ; --                           ; --          ; --             ;
; USE_GENERATED_PHYSICAL_CONSTRAINTS ; Off                                                      ; --                           ; --          ; eda_blast_fpga ;
+------------------------------------+----------------------------------------------------------+------------------------------+-------------+----------------+


+-----------------------------------------------------------------------------------------------------------------------------+
; Flow Elapsed Time                                                                                                           ;
+-------------------------+--------------+-------------------------+---------------------+------------------------------------+
; Module Name             ; Elapsed Time ; Average Processors Used ; Peak Virtual Memory ; Total CPU Time (on all processors) ;
+-------------------------+--------------+-------------------------+---------------------+------------------------------------+
; Analysis & Synthesis    ; 00:00:00     ; 1.0                     ; 222 MB              ; 00:00:01                           ;
; Fitter                  ; 00:00:00     ; 1.0                     ; 180 MB              ; 00:00:00                           ;
; Assembler               ; 00:00:00     ; 1.0                     ; 182 MB              ; 00:00:00                           ;
; Classic Timing Analyzer ; 00:00:00     ; 1.0                     ; 155 MB              ; 00:00:00                           ;
; Total                   ; 00:00:00     ; --                      ; --                  ; 00:00:01                           ;
+-------------------------+--------------+-------------------------+---------------------+------------------------------------+


+------------------------------------------------------------------------------------------+
; Flow OS Summary                                                                          ;
+-------------------------+------------------+---------------+------------+----------------+
; Module Name             ; Machine Hostname ; OS Name       ; OS Version ; Processor type ;
+-------------------------+------------------+---------------+------------+----------------+
; Analysis & Synthesis    ; 428-22           ; Windows Vista ; 6.1        ; x86_64         ;
; Fitter                  ; 428-22           ; Windows Vista ; 6.1        ; x86_64         ;
; Assembler               ; 428-22           ; Windows Vista ; 6.1        ; x86_64         ;
; Classic Timing Analyzer ; 428-22           ; Windows Vista ; 6.1        ; x86_64         ;
+-------------------------+------------------+---------------+------------+----------------+


------------
; Flow Log ;
------------
quartus_map --read_settings_files=on --write_settings_files=off controller -c controller
quartus_fit --read_settings_files=off --write_settings_files=off controller -c controller
quartus_asm --read_settings_files=off --write_settings_files=off controller -c controller
quartus_tan --read_settings_files=off --write_settings_files=off controller -c controller



